#
# There is insufficient memory for the Java Runtime Environment to continue.
# Native memory allocation (malloc) failed to allocate 1154736 bytes for Chunk::new
# Possible reasons:
#   The system is out of physical RAM or swap space
#   The process is running with CompressedOops enabled, and the Java Heap may be blocking the growth of the native heap
# Possible solutions:
#   Reduce memory load on the system
#   Increase physical memory or swap space
#   Check if swap backing store is full
#   Decrease Java heap size (-Xmx/-Xms)
#   Decrease number of Java threads
#   Decrease Java thread stack sizes (-Xss)
#   Set larger code cache with -XX:ReservedCodeCacheSize=
#   JVM is running with Unscaled Compressed Oops mode in which the Java heap is
#     placed in the first 4GB address space. The Java Heap base address is the
#     maximum limit for the native heap growth. Please use -XX:HeapBaseMinAddress
#     to set the Java Heap base and to place the Java Heap above 4GB virtual address.
# This output file may be truncated or incomplete.
#
#  Out of Memory Error (./open/src/hotspot/share/memory/arena.cpp:195), pid=9656, tid=4760
#
# JRE version: Java(TM) SE Runtime Environment (15.0+36) (build 15+36-1562)
# Java VM: Java HotSpot(TM) 64-Bit Server VM (15+36-1562, mixed mode, sharing, tiered, compressed oops, parallel gc, windows-amd64)
# No core dump will be written. Minidumps are not enabled by default on client versions of Windows
#

---------------  S U M M A R Y ------------

Command Line: --add-modules=ALL-SYSTEM --add-opens=java.base/java.util=ALL-UNNAMED --add-opens=java.base/java.lang=ALL-UNNAMED -Declipse.application=org.eclipse.jdt.ls.core.id1 -Dosgi.bundles.defaultStartLevel=4 -Declipse.product=org.eclipse.jdt.ls.core.product -Dfile.encoding=utf8 -DwatchParentProcess=false -XX:+UseParallelGC -XX:GCTimeRatio=4 -XX:AdaptiveSizePolicyWeight=90 -Dsun.zip.disableMemoryMapping=true -Xmx1G -Xms100m c:\Users\THE NGAN\.vscode\extensions\redhat.java-0.67.0\server\plugins\org.eclipse.equinox.launcher_1.5.800.v20200727-1323.jar -configuration c:\Users\THE NGAN\AppData\Roaming\Code\User\globalStorage\redhat.java\0.67.0\config_win -data c:\Users\THE NGAN\AppData\Roaming\Code\User\workspaceStorage\120077b6908fb8706644f426bbd3ea3d\redhat.java\jdt_ws

Host: Intel(R) Core(TM) i5-7200U CPU @ 2.50GHz, 4 cores, 3G,  Windows 10 , 64 bit Build 18362 (10.0.18362.959)
Time: Sat Sep 26 10:25:04 2020 SE Asia Standard Time elapsed time: 7.973196 seconds (0d 0h 0m 7s)

---------------  T H R E A D  ---------------

Current thread (0x000001eacd609750):  JavaThread "C2 CompilerThread0" daemon [_thread_in_native, id=4760, stack(0x000000465c800000,0x000000465c900000)]


Current CompileTask:
C2:   7973 4151   !   4       org.eclipse.osgi.internal.loader.classpath.ClasspathManager::defineClass (636 bytes)

Stack: [0x000000465c800000,0x000000465c900000]
Native frames: (J=compiled Java code, j=interpreted, Vv=VM code, C=native code)
V  [jvm.dll+0x629eaa]
V  [jvm.dll+0x780379]
V  [jvm.dll+0x781ad3]
V  [jvm.dll+0x782133]
V  [jvm.dll+0x2159d5]
V  [jvm.dll+0x9794a]
V  [jvm.dll+0x9802c]
V  [jvm.dll+0x27992f]
V  [jvm.dll+0x53faf4]
V  [jvm.dll+0x1f27f4]
V  [jvm.dll+0x1ec1c1]
V  [jvm.dll+0x1e8f37]
V  [jvm.dll+0x177f17]
V  [jvm.dll+0x1f88f5]
V  [jvm.dll+0x1f699c]
V  [jvm.dll+0x74384d]
V  [jvm.dll+0x73c64a]
V  [jvm.dll+0x628d16]
C  [ucrtbase.dll+0x20e82]
C  [KERNEL32.DLL+0x17bd4]
C  [ntdll.dll+0x6ce51]


---------------  P R O C E S S  ---------------

Threads class SMR info:
_java_thread_list=0x000001ead29e7da0, length=23, elements={
0x000001eab3a48490, 0x000001eacd5f19d0, 0x000001eab3b03900, 0x000001eacd600280,
0x000001eacd600c40, 0x000001eacd601da0, 0x000001eacd609750, 0x000001eacd60c9b0,
0x000001eacd60db50, 0x000001eace7d5e20, 0x000001eace8c8670, 0x000001eacee06870,
0x000001eacf0463a0, 0x000001eacf034c00, 0x000001eacf044af0, 0x000001eacf3c71a0,
0x000001eaceebe490, 0x000001eacfd1a4e0, 0x000001eacff42330, 0x000001eacedf62b0,
0x000001eacedf6780, 0x000001ead28a3df0, 0x000001ead28a2110
}

Java Threads: ( => current thread )
  0x000001eab3a48490 JavaThread "main" [_thread_blocked, id=468, stack(0x000000465c000000,0x000000465c100000)]
  0x000001eacd5f19d0 JavaThread "Reference Handler" daemon [_thread_blocked, id=5400, stack(0x000000465c300000,0x000000465c400000)]
  0x000001eab3b03900 JavaThread "Finalizer" daemon [_thread_blocked, id=10456, stack(0x000000465c400000,0x000000465c500000)]
  0x000001eacd600280 JavaThread "Signal Dispatcher" daemon [_thread_blocked, id=4520, stack(0x000000465c500000,0x000000465c600000)]
  0x000001eacd600c40 JavaThread "Attach Listener" daemon [_thread_blocked, id=1824, stack(0x000000465c600000,0x000000465c700000)]
  0x000001eacd601da0 JavaThread "Service Thread" daemon [_thread_blocked, id=8276, stack(0x000000465c700000,0x000000465c800000)]
=>0x000001eacd609750 JavaThread "C2 CompilerThread0" daemon [_thread_in_native, id=4760, stack(0x000000465c800000,0x000000465c900000)]
  0x000001eacd60c9b0 JavaThread "C1 CompilerThread0" daemon [_thread_in_native, id=5048, stack(0x000000465c900000,0x000000465ca00000)]
  0x000001eacd60db50 JavaThread "Sweeper thread" daemon [_thread_blocked, id=2028, stack(0x000000465ca00000,0x000000465cb00000)]
  0x000001eace7d5e20 JavaThread "Common-Cleaner" daemon [_thread_blocked, id=3836, stack(0x000000465cb00000,0x000000465cc00000)]
  0x000001eace8c8670 JavaThread "Notification Thread" daemon [_thread_blocked, id=10008, stack(0x000000465cc00000,0x000000465cd00000)]
  0x000001eacee06870 JavaThread "Active Thread: Equinox Container: 7c8e9919-b1d8-419d-a4d0-773f844bc4cb" [_thread_blocked, id=10004, stack(0x000000465cf00000,0x000000465d000000)]
  0x000001eacf0463a0 JavaThread "Framework Event Dispatcher: Equinox Container: 7c8e9919-b1d8-419d-a4d0-773f844bc4cb" daemon [_thread_blocked, id=5556, stack(0x000000465ce00000,0x000000465cf00000)]
  0x000001eacf034c00 JavaThread "Start Level: Equinox Container: 7c8e9919-b1d8-419d-a4d0-773f844bc4cb" daemon [_thread_blocked, id=4956, stack(0x000000465d000000,0x000000465d100000)]
  0x000001eacf044af0 JavaThread "SCR Component Actor" daemon [_thread_blocked, id=6720, stack(0x000000465d400000,0x000000465d500000)]
  0x000001eacf3c71a0 JavaThread "Timer-0" daemon [_thread_blocked, id=1608, stack(0x000000465d500000,0x000000465d600000)]
  0x000001eaceebe490 JavaThread "Bundle File Closer" daemon [_thread_blocked, id=4748, stack(0x000000465d600000,0x000000465d700000)]
  0x000001eacfd1a4e0 JavaThread "Worker-JM" [_thread_blocked, id=5440, stack(0x000000465d700000,0x000000465d800000)]
  0x000001eacff42330 JavaThread "Worker-0" [_thread_blocked, id=9184, stack(0x000000465d900000,0x000000465da00000)]
  0x000001eacedf62b0 JavaThread "Worker-1: Initialize Workspace" [_thread_in_Java, id=10692, stack(0x000000465d800000,0x000000465d900000)]
  0x000001eacedf6780 JavaThread "Java indexing" daemon [_thread_blocked, id=11172, stack(0x000000465da00000,0x000000465db00000)]
  0x000001ead28a3df0 JavaThread "pool-1-thread-1" [_thread_in_native, id=1296, stack(0x000000465db00000,0x000000465dc00000)]
  0x000001ead28a2110 JavaThread "Worker-2" [_thread_blocked, id=8916, stack(0x000000465dc00000,0x000000465dd00000)]

Other Threads:
  0x000001eacd5f07f0 VMThread "VM Thread" [stack: 0x000000465c200000,0x000000465c300000] [id=5956]
  0x000001eace8d0b30 WatcherThread [stack: 0x000000465cd00000,0x000000465ce00000] [id=8492]
  0x000001eab3a603d0 GCTaskThread "GC Thread#0" [stack: 0x000000465c100000,0x000000465c200000] [id=8932]
  0x000001eace8bdca0 GCTaskThread "GC Thread#1" [stack: 0x000000465d100000,0x000000465d200000] [id=10368]
  0x000001eace8bfc80 GCTaskThread "GC Thread#2" [stack: 0x000000465d200000,0x000000465d300000] [id=5524]
  0x000001eace8bffb0 GCTaskThread "GC Thread#3" [stack: 0x000000465d300000,0x000000465d400000] [id=5612]

Threads with active compile tasks:
C2 CompilerThread0     8009 4151   !   4       org.eclipse.osgi.internal.loader.classpath.ClasspathManager::defineClass (636 bytes)
C1 CompilerThread0     8009 4510   !   2       jdk.internal.jrtfs.JrtFileSystem::lambda$iteratorOf$3 (11 bytes)

VM state: not at safepoint (normal execution)

VM Mutex/Monitor currently owned by a thread: None

Heap address: 0x00000000c0000000, size: 1024 MB, Compressed Oops mode: 32-bit
CDS archive(s) mapped at: [0x0000000800000000-0x0000000800b50000-0x0000000800b50000), size 11862016, SharedBaseAddress: 0x0000000800000000, ArchiveRelocationMode: 0.
Compressed class space mapped at: 0x0000000800b50000-0x0000000840b50000, size: 1073741824
Narrow klass base: 0x0000000800000000, Narrow klass shift: 3, Narrow klass range: 0x100000000

GC Precious Log:
 CPUs: 4 total, 4 available
 Memory: 3964M
 Large Page Support: Disabled
 NUMA Support: Disabled
 Compressed Oops: Enabled (32-bit)
 Heap Min Capacity: 100M
 Heap Initial Capacity: 100M
 Heap Max Capacity: 1G
 Pre-touch: Disabled
 Parallel Workers: 4

Heap:
 PSYoungGen      total 30208K, used 21042K [0x00000000eab00000, 0x00000000ed400000, 0x0000000100000000)
  eden space 24064K, 87% used [0x00000000eab00000,0x00000000ebf8ca78,0x00000000ec280000)
  from space 6144K, 0% used [0x00000000ec280000,0x00000000ec280000,0x00000000ec880000)
  to   space 8704K, 0% used [0x00000000ecb80000,0x00000000ecb80000,0x00000000ed400000)
 ParOldGen       total 68608K, used 17217K [0x00000000c0000000, 0x00000000c4300000, 0x00000000eab00000)
  object space 68608K, 25% used [0x00000000c0000000,0x00000000c10d0720,0x00000000c4300000)
 Metaspace       used 38747K, capacity 41064K, committed 41128K, reserved 1085440K
  class space    used 4059K, capacity 4851K, committed 4864K, reserved 1048576K

Card table byte_map: [0x000001eab33f0000,0x000001eab3600000] _byte_map_base: 0x000001eab2df0000

Marking Bits: (ParMarkBitMap*) 0x00007fff98faa0b0
 Begin Bits: [0x000001eacac70000, 0x000001eacbc70000)
 End Bits:   [0x000001eacbc70000, 0x000001eaccc70000)

Polling page: 0x000001eab19d0000

Metaspace:

Usage:
  Non-class:     35.36 MB capacity,    33.88 MB ( 96%) used,     1.44 MB (  4%) free+waste,    54.38 KB ( <1%) overhead. 
      Class:      4.74 MB capacity,     3.96 MB ( 84%) used,   765.98 KB ( 16%) free+waste,    25.25 KB ( <1%) overhead. 
       Both:     40.10 MB capacity,    37.84 MB ( 94%) used,     2.18 MB (  5%) free+waste,    79.63 KB ( <1%) overhead. 

Virtual space:
  Non-class space:       36.00 MB reserved,      35.41 MB ( 98%) committed 
      Class space:        1.00 GB reserved,       4.75 MB ( <1%) committed 
             Both:        1.04 GB reserved,      40.16 MB (  4%) committed 

Chunk freelists:
   Non-Class:  51.00 KB
       Class:  13.00 KB
        Both:  64.00 KB

MaxMetaspaceSize: 17179869184.00 GB
CompressedClassSpaceSize: 1.00 GB

CodeHeap 'non-profiled nmethods': size=120000Kb used=1549Kb max_used=1549Kb free=118450Kb
 bounds [0x000001eac3740000, 0x000001eac39b0000, 0x000001eacac70000]
CodeHeap 'profiled nmethods': size=120000Kb used=9131Kb max_used=9131Kb free=110868Kb
 bounds [0x000001eabc210000, 0x000001eabcb00000, 0x000001eac3740000]
CodeHeap 'non-nmethods': size=5760Kb used=1279Kb max_used=1319Kb free=4480Kb
 bounds [0x000001eabbc70000, 0x000001eabbee0000, 0x000001eabc210000]
 total_blobs=5039 nmethods=4474 adapters=478
 compilation: enabled
              stopped_count=0, restarted_count=0
 full_count=0

Compilation events (20 events):
Event: 7.815 Thread 0x000001eacd60c9b0 4230       3       sun.invoke.util.VerifyAccess::isMemberAccessible (338 bytes)
Event: 7.819 Thread 0x000001eacd60c9b0 nmethod 4230 0x000001eabca83890 code [0x000001eabca83d60, 0x000001eabca85f88]
Event: 7.819 Thread 0x000001eacd60c9b0 4232       3       com.google.gson.internal.$Gson$Types::canonicalize (139 bytes)
Event: 7.821 Thread 0x000001eacd60c9b0 nmethod 4232 0x000001eabca86990 code [0x000001eabca86c80, 0x000001eabca880d8]
Event: 7.821 Thread 0x000001eacd60c9b0 4231       3       java.lang.invoke.DirectMethodHandle::preparedLambdaForm (6 bytes)
Event: 7.821 Thread 0x000001eacd60c9b0 nmethod 4231 0x000001eabca88490 code [0x000001eabca88620, 0x000001eabca88728]
Event: 7.821 Thread 0x000001eacd60c9b0 4233       3       com.google.gson.internal.bind.JsonTreeReader::peekStack (12 bytes)
Event: 7.821 Thread 0x000001eacd60c9b0 nmethod 4233 0x000001eabca88810 code [0x000001eabca889a0, 0x000001eabca88ad8]
Event: 7.821 Thread 0x000001eacd60c9b0 4234       3       com.google.gson.internal.bind.JsonTreeReader::peek (200 bytes)
Event: 7.822 Thread 0x000001eacd60c9b0 nmethod 4234 0x000001eabca88b90 code [0x000001eabca88e80, 0x000001eabca8a5a8]
Event: 7.822 Thread 0x000001eacd60c9b0 4237       3       com.google.gson.internal.LinkedTreeMap::find (276 bytes)
Event: 7.825 Thread 0x000001eacd60c9b0 nmethod 4237 0x000001eabca8a910 code [0x000001eabca8ac00, 0x000001eabca8be38]
Event: 7.825 Thread 0x000001eacd60c9b0 4240       3       com.google.gson.internal.LinkedTreeMap$LinkedTreeMapIterator::hasNext (20 bytes)
Event: 7.825 Thread 0x000001eacd60c9b0 nmethod 4240 0x000001eabca8c410 code [0x000001eabca8c5a0, 0x000001eabca8c718]
Event: 7.825 Thread 0x000001eacd60c9b0 4236       3       com.google.gson.internal.LinkedTreeMap::put (35 bytes)
Event: 7.825 Thread 0x000001eacd60c9b0 nmethod 4236 0x000001eabca8c810 code [0x000001eabca8c9c0, 0x000001eabca8cc18]
Event: 7.825 Thread 0x000001eacd60c9b0 4238       1       com.google.gson.internal.LinkedTreeMap$Node::getKey (5 bytes)
Event: 7.825 Thread 0x000001eacd60c9b0 nmethod 4238 0x000001eac38bb710 code [0x000001eac38bb8a0, 0x000001eac38bb958]
Event: 7.825 Thread 0x000001eacd60c9b0 4239       1       com.google.gson.internal.LinkedTreeMap$Node::getValue (5 bytes)
Event: 7.825 Thread 0x000001eacd60c9b0 nmethod 4239 0x000001eac38bba10 code [0x000001eac38bbba0, 0x000001eac38bbc58]

GC Heap History (18 events):
Event: 2.111 GC heap before
{Heap before GC invocations=1 (full 0):
 PSYoungGen      total 29696K, used 25600K [0x00000000eab00000, 0x00000000ecc00000, 0x0000000100000000)
  eden space 25600K, 100% used [0x00000000eab00000,0x00000000ec400000,0x00000000ec400000)
  from space 4096K, 0% used [0x00000000ec800000,0x00000000ec800000,0x00000000ecc00000)
  to   space 4096K, 0% used [0x00000000ec400000,0x00000000ec400000,0x00000000ec800000)
 ParOldGen       total 68608K, used 0K [0x00000000c0000000, 0x00000000c4300000, 0x00000000eab00000)
  object space 68608K, 0% used [0x00000000c0000000,0x00000000c0000000,0x00000000c4300000)
 Metaspace       used 7016K, capacity 7397K, committed 7680K, reserved 1056768K
  class space    used 670K, capacity 722K, committed 768K, reserved 1048576K
}
Event: 2.123 GC heap after
{Heap after GC invocations=1 (full 0):
 PSYoungGen      total 29696K, used 4066K [0x00000000eab00000, 0x00000000ecc00000, 0x0000000100000000)
  eden space 25600K, 0% used [0x00000000eab00000,0x00000000eab00000,0x00000000ec400000)
  from space 4096K, 99% used [0x00000000ec400000,0x00000000ec7f8b90,0x00000000ec800000)
  to   space 4096K, 0% used [0x00000000ec800000,0x00000000ec800000,0x00000000ecc00000)
 ParOldGen       total 68608K, used 432K [0x00000000c0000000, 0x00000000c4300000, 0x00000000eab00000)
  object space 68608K, 0% used [0x00000000c0000000,0x00000000c006c020,0x00000000c4300000)
 Metaspace       used 7016K, capacity 7397K, committed 7680K, reserved 1056768K
  class space    used 670K, capacity 722K, committed 768K, reserved 1048576K
}
Event: 3.897 GC heap before
{Heap before GC invocations=2 (full 0):
 PSYoungGen      total 29696K, used 29666K [0x00000000eab00000, 0x00000000ecc00000, 0x0000000100000000)
  eden space 25600K, 100% used [0x00000000eab00000,0x00000000ec400000,0x00000000ec400000)
  from space 4096K, 99% used [0x00000000ec400000,0x00000000ec7f8b90,0x00000000ec800000)
  to   space 4096K, 0% used [0x00000000ec800000,0x00000000ec800000,0x00000000ecc00000)
 ParOldGen       total 68608K, used 432K [0x00000000c0000000, 0x00000000c4300000, 0x00000000eab00000)
  object space 68608K, 0% used [0x00000000c0000000,0x00000000c006c020,0x00000000c4300000)
 Metaspace       used 13946K, capacity 14699K, committed 14976K, reserved 1062912K
  class space    used 1345K, capacity 1610K, committed 1664K, reserved 1048576K
}
Event: 3.913 GC heap after
{Heap after GC invocations=2 (full 0):
 PSYoungGen      total 29696K, used 4084K [0x00000000eab00000, 0x00000000ecc00000, 0x0000000100000000)
  eden space 25600K, 0% used [0x00000000eab00000,0x00000000eab00000,0x00000000ec400000)
  from space 4096K, 99% used [0x00000000ec800000,0x00000000ecbfd180,0x00000000ecc00000)
  to   space 4096K, 0% used [0x00000000ec400000,0x00000000ec400000,0x00000000ec800000)
 ParOldGen       total 68608K, used 5277K [0x00000000c0000000, 0x00000000c4300000, 0x00000000eab00000)
  object space 68608K, 7% used [0x00000000c0000000,0x00000000c0527610,0x00000000c4300000)
 Metaspace       used 13946K, capacity 14699K, committed 14976K, reserved 1062912K
  class space    used 1345K, capacity 1610K, committed 1664K, reserved 1048576K
}
Event: 4.503 GC heap before
{Heap before GC invocations=3 (full 0):
 PSYoungGen      total 29696K, used 26381K [0x00000000eab00000, 0x00000000ecc00000, 0x0000000100000000)
  eden space 25600K, 87% used [0x00000000eab00000,0x00000000ec0c65d8,0x00000000ec400000)
  from space 4096K, 99% used [0x00000000ec800000,0x00000000ecbfd180,0x00000000ecc00000)
  to   space 4096K, 0% used [0x00000000ec400000,0x00000000ec400000,0x00000000ec800000)
 ParOldGen       total 68608K, used 5277K [0x00000000c0000000, 0x00000000c4300000, 0x00000000eab00000)
  object space 68608K, 7% used [0x00000000c0000000,0x00000000c0527610,0x00000000c4300000)
 Metaspace       used 20370K, capacity 21200K, committed 21296K, reserved 1069056K
  class space    used 1822K, capacity 2114K, committed 2176K, reserved 1048576K
}
Event: 4.512 GC heap after
{Heap after GC invocations=3 (full 0):
 PSYoungGen      total 29696K, used 4072K [0x00000000eab00000, 0x00000000ecc00000, 0x0000000100000000)
  eden space 25600K, 0% used [0x00000000eab00000,0x00000000eab00000,0x00000000ec400000)
  from space 4096K, 99% used [0x00000000ec400000,0x00000000ec7fa0f0,0x00000000ec800000)
  to   space 4096K, 0% used [0x00000000ec800000,0x00000000ec800000,0x00000000ecc00000)
 ParOldGen       total 68608K, used 6373K [0x00000000c0000000, 0x00000000c4300000, 0x00000000eab00000)
  object space 68608K, 9% used [0x00000000c0000000,0x00000000c06394d8,0x00000000c4300000)
 Metaspace       used 20370K, capacity 21200K, committed 21296K, reserved 1069056K
  class space    used 1822K, capacity 2114K, committed 2176K, reserved 1048576K
}
Event: 4.512 GC heap before
{Heap before GC invocations=4 (full 1):
 PSYoungGen      total 29696K, used 4072K [0x00000000eab00000, 0x00000000ecc00000, 0x0000000100000000)
  eden space 25600K, 0% used [0x00000000eab00000,0x00000000eab00000,0x00000000ec400000)
  from space 4096K, 99% used [0x00000000ec400000,0x00000000ec7fa0f0,0x00000000ec800000)
  to   space 4096K, 0% used [0x00000000ec800000,0x00000000ec800000,0x00000000ecc00000)
 ParOldGen       total 68608K, used 6373K [0x00000000c0000000, 0x00000000c4300000, 0x00000000eab00000)
  object space 68608K, 9% used [0x00000000c0000000,0x00000000c06394d8,0x00000000c4300000)
 Metaspace       used 20370K, capacity 21200K, committed 21296K, reserved 1069056K
  class space    used 1822K, capacity 2114K, committed 2176K, reserved 1048576K
}
Event: 4.562 GC heap after
{Heap after GC invocations=4 (full 1):
 PSYoungGen      total 29696K, used 0K [0x00000000eab00000, 0x00000000ecc00000, 0x0000000100000000)
  eden space 25600K, 0% used [0x00000000eab00000,0x00000000eab00000,0x00000000ec400000)
  from space 4096K, 0% used [0x00000000ec400000,0x00000000ec400000,0x00000000ec800000)
  to   space 4096K, 0% used [0x00000000ec800000,0x00000000ec800000,0x00000000ecc00000)
 ParOldGen       total 68608K, used 10227K [0x00000000c0000000, 0x00000000c4300000, 0x00000000eab00000)
  object space 68608K, 14% used [0x00000000c0000000,0x00000000c09fcd58,0x00000000c4300000)
 Metaspace       used 20370K, capacity 21200K, committed 21296K, reserved 1069056K
  class space    used 1822K, capacity 2114K, committed 2176K, reserved 1048576K
}
Event: 5.794 GC heap before
{Heap before GC invocations=5 (full 1):
 PSYoungGen      total 29696K, used 25600K [0x00000000eab00000, 0x00000000ecc00000, 0x0000000100000000)
  eden space 25600K, 100% used [0x00000000eab00000,0x00000000ec400000,0x00000000ec400000)
  from space 4096K, 0% used [0x00000000ec400000,0x00000000ec400000,0x00000000ec800000)
  to   space 4096K, 0% used [0x00000000ec800000,0x00000000ec800000,0x00000000ecc00000)
 ParOldGen       total 68608K, used 10227K [0x00000000c0000000, 0x00000000c4300000, 0x00000000eab00000)
  object space 68608K, 14% used [0x00000000c0000000,0x00000000c09fcd58,0x00000000c4300000)
 Metaspace       used 25323K, capacity 26625K, committed 26800K, reserved 1073152K
  class space    used 2478K, capacity 2946K, committed 3072K, reserved 1048576K
}
Event: 5.798 GC heap after
{Heap after GC invocations=5 (full 1):
 PSYoungGen      total 29696K, used 2577K [0x00000000eab00000, 0x00000000ecc00000, 0x0000000100000000)
  eden space 25600K, 0% used [0x00000000eab00000,0x00000000eab00000,0x00000000ec400000)
  from space 4096K, 62% used [0x00000000ec800000,0x00000000eca84670,0x00000000ecc00000)
  to   space 4096K, 0% used [0x00000000ec400000,0x00000000ec400000,0x00000000ec800000)
 ParOldGen       total 68608K, used 10235K [0x00000000c0000000, 0x00000000c4300000, 0x00000000eab00000)
  object space 68608K, 14% used [0x00000000c0000000,0x00000000c09fed58,0x00000000c4300000)
 Metaspace       used 25323K, capacity 26625K, committed 26800K, reserved 1073152K
  class space    used 2478K, capacity 2946K, committed 3072K, reserved 1048576K
}
Event: 6.495 GC heap before
{Heap before GC invocations=6 (full 1):
 PSYoungGen      total 29696K, used 28177K [0x00000000eab00000, 0x00000000ecc00000, 0x0000000100000000)
  eden space 25600K, 100% used [0x00000000eab00000,0x00000000ec400000,0x00000000ec400000)
  from space 4096K, 62% used [0x00000000ec800000,0x00000000eca84670,0x00000000ecc00000)
  to   space 4096K, 0% used [0x00000000ec400000,0x00000000ec400000,0x00000000ec800000)
 ParOldGen       total 68608K, used 10235K [0x00000000c0000000, 0x00000000c4300000, 0x00000000eab00000)
  object space 68608K, 14% used [0x00000000c0000000,0x00000000c09fed58,0x00000000c4300000)
 Metaspace       used 29270K, capacity 30807K, committed 30896K, reserved 1077248K
  class space    used 2996K, capacity 3549K, committed 3584K, reserved 1048576K
}
Event: 6.501 GC heap after
{Heap after GC invocations=6 (full 1):
 PSYoungGen      total 29184K, used 4067K [0x00000000eab00000, 0x00000000ecd80000, 0x0000000100000000)
  eden space 25088K, 0% used [0x00000000eab00000,0x00000000eab00000,0x00000000ec380000)
  from space 4096K, 99% used [0x00000000ec400000,0x00000000ec7f8ee8,0x00000000ec800000)
  to   space 5120K, 0% used [0x00000000ec880000,0x00000000ec880000,0x00000000ecd80000)
 ParOldGen       total 68608K, used 10491K [0x00000000c0000000, 0x00000000c4300000, 0x00000000eab00000)
  object space 68608K, 15% used [0x00000000c0000000,0x00000000c0a3ed58,0x00000000c4300000)
 Metaspace       used 29270K, capacity 30807K, committed 30896K, reserved 1077248K
  class space    used 2996K, capacity 3549K, committed 3584K, reserved 1048576K
}
Event: 7.088 GC heap before
{Heap before GC invocations=7 (full 1):
 PSYoungGen      total 29184K, used 29155K [0x00000000eab00000, 0x00000000ecd80000, 0x0000000100000000)
  eden space 25088K, 100% used [0x00000000eab00000,0x00000000ec380000,0x00000000ec380000)
  from space 4096K, 99% used [0x00000000ec400000,0x00000000ec7f8ee8,0x00000000ec800000)
  to   space 5120K, 0% used [0x00000000ec880000,0x00000000ec880000,0x00000000ecd80000)
 ParOldGen       total 68608K, used 10491K [0x00000000c0000000, 0x00000000c4300000, 0x00000000eab00000)
  object space 68608K, 15% used [0x00000000c0000000,0x00000000c0a3ed58,0x00000000c4300000)
 Metaspace       used 31578K, capacity 33057K, committed 33200K, reserved 1079296K
  class space    used 3219K, capacity 3800K, committed 3840K, reserved 1048576K
}
Event: 7.098 GC heap after
{Heap after GC invocations=7 (full 1):
 PSYoungGen      total 29184K, used 5118K [0x00000000eab00000, 0x00000000ecf00000, 0x0000000100000000)
  eden space 24064K, 0% used [0x00000000eab00000,0x00000000eab00000,0x00000000ec280000)
  from space 5120K, 99% used [0x00000000ec880000,0x00000000ecd7fb00,0x00000000ecd80000)
  to   space 6144K, 0% used [0x00000000ec280000,0x00000000ec280000,0x00000000ec880000)
 ParOldGen       total 68608K, used 10939K [0x00000000c0000000, 0x00000000c4300000, 0x00000000eab00000)
  object space 68608K, 15% used [0x00000000c0000000,0x00000000c0aaed58,0x00000000c4300000)
 Metaspace       used 31578K, capacity 33057K, committed 33200K, reserved 1079296K
  class space    used 3219K, capacity 3800K, committed 3840K, reserved 1048576K
}
Event: 7.369 GC heap before
{Heap before GC invocations=8 (full 1):
 PSYoungGen      total 29184K, used 13966K [0x00000000eab00000, 0x00000000ecf00000, 0x0000000100000000)
  eden space 24064K, 36% used [0x00000000eab00000,0x00000000eb3a3ef8,0x00000000ec280000)
  from space 5120K, 99% used [0x00000000ec880000,0x00000000ecd7fb00,0x00000000ecd80000)
  to   space 6144K, 0% used [0x00000000ec280000,0x00000000ec280000,0x00000000ec880000)
 ParOldGen       total 68608K, used 10939K [0x00000000c0000000, 0x00000000c4300000, 0x00000000eab00000)
  object space 68608K, 15% used [0x00000000c0000000,0x00000000c0aaed58,0x00000000c4300000)
 Metaspace       used 33702K, capacity 35348K, committed 35496K, reserved 1081344K
  class space    used 3449K, capacity 4045K, committed 4096K, reserved 1048576K
}
Event: 7.379 GC heap after
{Heap after GC invocations=8 (full 1):
 PSYoungGen      total 30208K, used 6140K [0x00000000eab00000, 0x00000000ed400000, 0x0000000100000000)
  eden space 24064K, 0% used [0x00000000eab00000,0x00000000eab00000,0x00000000ec280000)
  from space 6144K, 99% used [0x00000000ec280000,0x00000000ec87f1b8,0x00000000ec880000)
  to   space 8704K, 0% used [0x00000000ecb80000,0x00000000ecb80000,0x00000000ed400000)
 ParOldGen       total 68608K, used 12883K [0x00000000c0000000, 0x00000000c4300000, 0x00000000eab00000)
  object space 68608K, 18% used [0x00000000c0000000,0x00000000c0c94e28,0x00000000c4300000)
 Metaspace       used 33702K, capacity 35348K, committed 35496K, reserved 1081344K
  class space    used 3449K, capacity 4045K, committed 4096K, reserved 1048576K
}
Event: 7.379 GC heap before
{Heap before GC invocations=9 (full 2):
 PSYoungGen      total 30208K, used 6140K [0x00000000eab00000, 0x00000000ed400000, 0x0000000100000000)
  eden space 24064K, 0% used [0x00000000eab00000,0x00000000eab00000,0x00000000ec280000)
  from space 6144K, 99% used [0x00000000ec280000,0x00000000ec87f1b8,0x00000000ec880000)
  to   space 8704K, 0% used [0x00000000ecb80000,0x00000000ecb80000,0x00000000ed400000)
 ParOldGen       total 68608K, used 12883K [0x00000000c0000000, 0x00000000c4300000, 0x00000000eab00000)
  object space 68608K, 18% used [0x00000000c0000000,0x00000000c0c94e28,0x00000000c4300000)
 Metaspace       used 33702K, capacity 35348K, committed 35496K, reserved 1081344K
  class space    used 3449K, capacity 4045K, committed 4096K, reserved 1048576K
}
Event: 7.444 GC heap after
{Heap after GC invocations=9 (full 2):
 PSYoungGen      total 30208K, used 0K [0x00000000eab00000, 0x00000000ed400000, 0x0000000100000000)
  eden space 24064K, 0% used [0x00000000eab00000,0x00000000eab00000,0x00000000ec280000)
  from space 6144K, 0% used [0x00000000ec280000,0x00000000ec280000,0x00000000ec880000)
  to   space 8704K, 0% used [0x00000000ecb80000,0x00000000ecb80000,0x00000000ed400000)
 ParOldGen       total 68608K, used 17217K [0x00000000c0000000, 0x00000000c4300000, 0x00000000eab00000)
  object space 68608K, 25% used [0x00000000c0000000,0x00000000c10d0720,0x00000000c4300000)
 Metaspace       used 33702K, capacity 35348K, committed 35496K, reserved 1081344K
  class space    used 3449K, capacity 4045K, committed 4096K, reserved 1048576K
}

Deoptimization events (20 events):
Event: 7.466 Thread 0x000001eab3a48490 DEOPT PACKING pc=0x000001eabc75ead6 sp=0x000000465c0f8d50
Event: 7.466 Thread 0x000001eab3a48490 DEOPT UNPACKING pc=0x000001eabbcbe23f sp=0x000000465c0f8240 mode 0
Event: 7.477 Thread 0x000001eab3a48490 Uncommon trap: trap_request=0xffffff76 fr.pc=0x000001eac3821108 relative=0x00000000000006a8
Event: 7.477 Thread 0x000001eab3a48490 Uncommon trap: reason=predicate action=maybe_recompile pc=0x000001eac3821108 method=java.util.TreeMap.getEntryUsingComparator(Ljava/lang/Object;)Ljava/util/TreeMap$Entry; @ 19 c2
Event: 7.477 Thread 0x000001eab3a48490 DEOPT PACKING pc=0x000001eac3821108 sp=0x000000465c0fe480
Event: 7.477 Thread 0x000001eab3a48490 DEOPT UNPACKING pc=0x000001eabbcbe42f sp=0x000000465c0fe430 mode 2
Event: 7.545 Thread 0x000001eab3a48490 DEOPT PACKING pc=0x000001eabc905d5f sp=0x000000465c0fd120
Event: 7.545 Thread 0x000001eab3a48490 DEOPT UNPACKING pc=0x000001eabbcbe23f sp=0x000000465c0fc5e8 mode 0
Event: 7.776 Thread 0x000001ead28a3df0 Uncommon trap: trap_request=0xffffff45 fr.pc=0x000001eac3804b54 relative=0x0000000000000374
Event: 7.776 Thread 0x000001ead28a3df0 Uncommon trap: reason=unstable_if action=reinterpret pc=0x000001eac3804b54 method=java.lang.Integer.parseInt(Ljava/lang/String;I)I @ 119 c2
Event: 7.776 Thread 0x000001ead28a3df0 DEOPT PACKING pc=0x000001eac3804b54 sp=0x000000465dbf8760
Event: 7.776 Thread 0x000001ead28a3df0 DEOPT UNPACKING pc=0x000001eabbcbe42f sp=0x000000465dbf86c8 mode 2
Event: 7.793 Thread 0x000001eacff42330 Uncommon trap: trap_request=0xffffff45 fr.pc=0x000001eac382a2d8 relative=0x00000000000000d8
Event: 7.793 Thread 0x000001eacff42330 Uncommon trap: reason=unstable_if action=reinterpret pc=0x000001eac382a2d8 method=java.util.concurrent.locks.ReentrantLock$NonfairSync.initialTryLock()Z @ 25 c2
Event: 7.793 Thread 0x000001eacff42330 DEOPT PACKING pc=0x000001eac382a2d8 sp=0x000000465d9fd910
Event: 7.793 Thread 0x000001eacff42330 DEOPT UNPACKING pc=0x000001eabbcbe42f sp=0x000000465d9fd890 mode 2
Event: 7.810 Thread 0x000001ead28a3df0 Uncommon trap: trap_request=0xffffff45 fr.pc=0x000001eac3822650 relative=0x0000000000000d50
Event: 7.810 Thread 0x000001ead28a3df0 Uncommon trap: reason=unstable_if action=reinterpret pc=0x000001eac3822650 method=java.util.TreeMap.put(Ljava/lang/Object;Ljava/lang/Object;Z)Ljava/lang/Object; @ 27 c2
Event: 7.810 Thread 0x000001ead28a3df0 DEOPT PACKING pc=0x000001eac3822650 sp=0x000000465dbfe0f0
Event: 7.810 Thread 0x000001ead28a3df0 DEOPT UNPACKING pc=0x000001eabbcbe42f sp=0x000000465dbfe090 mode 2

Classes unloaded (0 events):
No events

Classes redefined (0 events):
No events

Internal exceptions (20 events):
Event: 3.871 Thread 0x000001eacf034c00 Exception <a 'java/lang/NoSuchMethodError'{0x00000000ec3a81b0}: 'int java.lang.invoke.DirectMethodHandle$Holder.invokeStaticInit(java.lang.Object, java.lang.Object, java.lang.Object)'> (0x00000000ec3a81b0) 
thrown [./open/src/hotspot/share/interpreter/linkResolver.cpp, line 782]
Event: 4.478 Thread 0x000001eacf034c00 Exception <a 'java/lang/ClassNotFoundException'{0x00000000ec0197e8}: com/sun/org/apache/xerces/internal/impl/msg/spi/DOMMessagesProvider> (0x00000000ec0197e8) 
thrown [./open/src/hotspot/share/classfile/systemDictionary.cpp, line 295]
Event: 4.480 Thread 0x000001eacf034c00 Exception <a 'java/lang/ClassNotFoundException'{0x00000000ec02e838}: com/sun/org/apache/xerces/internal/impl/msg/spi/XMLSerializerMessagesProvider> (0x00000000ec02e838) 
thrown [./open/src/hotspot/share/classfile/systemDictionary.cpp, line 295]
Event: 4.481 Thread 0x000001eacf034c00 Exception <a 'java/lang/ClassNotFoundException'{0x00000000ec039d70}: com/sun/org/apache/xerces/internal/impl/msg/spi/XMLMessagesProvider> (0x00000000ec039d70) 
thrown [./open/src/hotspot/share/classfile/systemDictionary.cpp, line 295]
Event: 4.881 Thread 0x000001eacf034c00 Exception <a 'java/lang/ClassNotFoundException'{0x00000000eae1b9a8}: com/sun/org/apache/xml/internal/serializer/spi/XMLEntitiesProvider> (0x00000000eae1b9a8) 
thrown [./open/src/hotspot/share/classfile/systemDictionary.cpp, line 295]
Event: 5.198 Thread 0x000001eacf034c00 Exception <a 'java/lang/NoClassDefFoundError'{0x00000000eb21ce20}: org/slf4j/impl/StaticLoggerBinder> (0x00000000eb21ce20) 
thrown [./open/src/hotspot/share/classfile/systemDictionary.cpp, line 284]
Event: 5.451 Thread 0x000001eacf034c00 Exception <a 'java/lang/NoSuchMethodError'{0x00000000eb76b988}: 'java.lang.Object java.lang.invoke.DirectMethodHandle$Holder.newInvokeSpecial(java.lang.Object, java.lang.Object, java.lang.Object, java.lang.Object, java.lang.Object)'> (0x00000000eb76b988) 
thrown [./open/src/hotspot/share/interpreter/linkResolver.cpp, line 782]
Event: 5.577 Thread 0x000001eacf034c00 Implicit null exception at 0x000001eac37d6c57 to 0x000001eac37d6f05
Event: 5.600 Thread 0x000001eacf034c00 Implicit null exception at 0x000001eac37c65d7 to 0x000001eac37c6874
Event: 6.877 Thread 0x000001eacf034c00 Exception <a 'java/lang/NoClassDefFoundError'{0x00000000ec01c130}: com/google/inject/servlet/ServletModuleTargetVisitor> (0x00000000ec01c130) 
thrown [./open/src/hotspot/share/classfile/systemDictionary.cpp, line 284]
Event: 6.877 Thread 0x000001eacf034c00 Exception <a 'java/lang/NoClassDefFoundError'{0x00000000ec01f9e8}: javax/annotation/Priority> (0x00000000ec01f9e8) 
thrown [./open/src/hotspot/share/classfile/systemDictionary.cpp, line 284]
Event: 7.141 Thread 0x000001eacf034c00 Exception <a 'java/lang/NoSuchMethodError'{0x00000000eae7d438}: 'void java.lang.invoke.DirectMethodHandle$Holder.invokeSpecial(java.lang.Object, java.lang.Object, java.lang.Object, int)'> (0x00000000eae7d438) 
thrown [./open/src/hotspot/share/interpreter/linkResolver.cpp, line 782]
Event: 7.242 Thread 0x000001eacf034c00 Exception <a 'java/lang/NoSuchMethodError'{0x00000000eb0248e0}: static Lorg/eclipse/m2e/core/internal/lifecyclemapping/model/PluginExecutionMetadata;.<clinit>()V> (0x00000000eb0248e0) 
thrown [./open/src/hotspot/share/prims/jni.cpp, line 1204]
Event: 7.248 Thread 0x000001eacf034c00 Exception <a 'java/lang/NoSuchMethodError'{0x00000000eb049348}: static Lorg/eclipse/m2e/core/internal/lifecyclemapping/model/PluginExecutionFilter;.<clinit>()V> (0x00000000eb049348) 
thrown [./open/src/hotspot/share/prims/jni.cpp, line 1204]
Event: 7.503 Thread 0x000001eab3a48490 Exception <a 'java/lang/NoSuchMethodError'{0x00000000eac20720}: 'void java.lang.invoke.DirectMethodHandle$Holder.invokeStatic(java.lang.Object, java.lang.Object, java.lang.Object, java.lang.Object)'> (0x00000000eac20720) 
thrown [./open/src/hotspot/share/interpreter/linkResolver.cpp, line 782]
Event: 7.699 Thread 0x000001eab3a48490 Exception <a 'java/lang/NoSuchMethodError'{0x00000000eb0fe1d0}: 'void java.lang.invoke.DirectMethodHandle$Holder.invokeStaticInit(java.lang.Object, java.lang.Object, java.lang.Object)'> (0x00000000eb0fe1d0) 
thrown [./open/src/hotspot/share/interpreter/linkResolver.cpp, line 782]
Event: 7.759 Thread 0x000001ead28a3df0 Exception <a 'java/io/FileNotFoundException'{0x00000000eb2834d0}> (0x00000000eb2834d0) 
thrown [./open/src/hotspot/share/prims/jni.cpp, line 578]
Event: 7.775 Thread 0x000001ead28a3df0 Exception <a 'java/io/FileNotFoundException'{0x00000000eb2bbe58}> (0x00000000eb2bbe58) 
thrown [./open/src/hotspot/share/prims/jni.cpp, line 578]
Event: 7.781 Thread 0x000001ead28a3df0 Exception <a 'java/io/FileNotFoundException'{0x00000000eb2e5ac8}> (0x00000000eb2e5ac8) 
thrown [./open/src/hotspot/share/prims/jni.cpp, line 578]
Event: 7.810 Thread 0x000001ead28a3df0 Implicit null exception at 0x000001eac382194d to 0x000001eac3822630

Events (20 events):
Event: 7.780 loading class java/security/InvalidAlgorithmParameterException done
Event: 7.780 loading class java/security/spec/InvalidKeySpecException
Event: 7.780 loading class java/security/spec/InvalidKeySpecException done
Event: 7.780 loading class javax/crypto/NoSuchPaddingException
Event: 7.780 loading class javax/crypto/NoSuchPaddingException done
Event: 7.781 loading class javax/crypto/spec/PBEKeySpec
Event: 7.781 loading class javax/crypto/spec/PBEKeySpec done
Event: 7.800 Thread 0x000001ead28a2110 Thread added: 0x000001ead28a2110
Event: 7.814 loading class java/util/TreeMap$ValueSpliterator
Event: 7.814 loading class java/util/TreeMap$TreeMapSpliterator
Event: 7.814 loading class java/util/TreeMap$TreeMapSpliterator done
Event: 7.814 loading class java/util/TreeMap$ValueSpliterator done
Event: 7.821 loading class java/io/UncheckedIOException
Event: 7.821 loading class java/io/UncheckedIOException done
Event: 7.824 loading class java/nio/channels/spi/AbstractInterruptibleChannel$1
Event: 7.824 loading class sun/nio/ch/Interruptible
Event: 7.824 loading class sun/nio/ch/Interruptible done
Event: 7.824 loading class java/nio/channels/spi/AbstractInterruptibleChannel$1 done
Event: 7.824 loading class sun/nio/ch/IOStatus
Event: 7.825 loading class sun/nio/ch/IOStatus done


Dynamic libraries:
0x00007ff62dee0000 - 0x00007ff62deef000 	C:\Program Files\Java\jdk-15\bin\java.exe
0x00007fffe68a0000 - 0x00007fffe6a90000 	C:\WINDOWS\SYSTEM32\ntdll.dll
0x00007fffe58d0000 - 0x00007fffe5982000 	C:\WINDOWS\System32\KERNEL32.DLL
0x00007fffe39d0000 - 0x00007fffe3c74000 	C:\WINDOWS\System32\KERNELBASE.dll
0x00007fffe3cb0000 - 0x00007fffe3daa000 	C:\WINDOWS\System32\ucrtbase.dll
0x00007fffac530000 - 0x00007fffac548000 	C:\Program Files\Java\jdk-15\bin\jli.dll
0x00007fffac470000 - 0x00007fffac489000 	C:\Program Files\Java\jdk-15\bin\VCRUNTIME140.dll
0x00007fffe4c10000 - 0x00007fffe4cb3000 	C:\WINDOWS\System32\ADVAPI32.dll
0x00007fffe5cf0000 - 0x00007fffe5d8e000 	C:\WINDOWS\System32\msvcrt.dll
0x00007fffe4b00000 - 0x00007fffe4b97000 	C:\WINDOWS\System32\sechost.dll
0x00007fffe5fa0000 - 0x00007fffe60c0000 	C:\WINDOWS\System32\RPCRT4.dll
0x00007fffe66c0000 - 0x00007fffe6855000 	C:\WINDOWS\System32\USER32.dll
0x00007fffe4060000 - 0x00007fffe4081000 	C:\WINDOWS\System32\win32u.dll
0x00007fffe5760000 - 0x00007fffe5786000 	C:\WINDOWS\System32\GDI32.dll
0x00007fffcbaf0000 - 0x00007fffcbd74000 	C:\WINDOWS\WinSxS\amd64_microsoft.windows.common-controls_6595b64144ccf1df_6.0.18362.1016_none_9e7a36bbe461dae4\COMCTL32.dll
0x00007fffe3db0000 - 0x00007fffe3f46000 	C:\WINDOWS\System32\gdi32full.dll
0x00007fffe4990000 - 0x00007fffe4a2e000 	C:\WINDOWS\System32\msvcp_win.dll
0x00007fffe53b0000 - 0x00007fffe56e5000 	C:\WINDOWS\System32\combase.dll
0x00007fffe3900000 - 0x00007fffe3980000 	C:\WINDOWS\System32\bcryptPrimitives.dll
0x00007fffd7ef0000 - 0x00007fffd7efa000 	C:\WINDOWS\SYSTEM32\VERSION.dll
0x00007fffe5990000 - 0x00007fffe59be000 	C:\WINDOWS\System32\IMM32.DLL
0x00007fffd6e40000 - 0x00007fffd6e4c000 	C:\Program Files\Java\jdk-15\bin\vcruntime140_1.dll
0x00007fffac3d0000 - 0x00007fffac461000 	C:\Program Files\Java\jdk-15\bin\msvcp140.dll
0x00007fff98510000 - 0x00007fff9906c000 	C:\Program Files\Java\jdk-15\bin\server\jvm.dll
0x00007fffe56f0000 - 0x00007fffe56f8000 	C:\WINDOWS\System32\PSAPI.DLL
0x00007fffd6440000 - 0x00007fffd6449000 	C:\WINDOWS\SYSTEM32\WSOCK32.dll
0x00007fffe0280000 - 0x00007fffe02a4000 	C:\WINDOWS\SYSTEM32\WINMM.dll
0x00007fffe61d0000 - 0x00007fffe623f000 	C:\WINDOWS\System32\WS2_32.dll
0x00007fffe0250000 - 0x00007fffe027d000 	C:\WINDOWS\SYSTEM32\WINMMBASE.dll
0x00007fffe3980000 - 0x00007fffe39ca000 	C:\WINDOWS\System32\cfgmgr32.dll
0x00007fffe38c0000 - 0x00007fffe38d1000 	C:\WINDOWS\System32\kernel.appcore.dll
0x00007fffd41a0000 - 0x00007fffd41aa000 	C:\Program Files\Java\jdk-15\bin\jimage.dll
0x00007fffc9290000 - 0x00007fffc9484000 	C:\WINDOWS\SYSTEM32\DBGHELP.DLL
0x00007fffc9260000 - 0x00007fffc928a000 	C:\WINDOWS\SYSTEM32\dbgcore.DLL
0x00007fffac2e0000 - 0x00007fffac305000 	C:\Program Files\Java\jdk-15\bin\java.dll
0x00007fffe4cc0000 - 0x00007fffe53a7000 	C:\WINDOWS\System32\SHELL32.dll
0x00007fffe5d90000 - 0x00007fffe5e39000 	C:\WINDOWS\System32\shcore.dll
0x00007fffe4200000 - 0x00007fffe4982000 	C:\WINDOWS\System32\windows.storage.dll
0x00007fffe3890000 - 0x00007fffe38b3000 	C:\WINDOWS\System32\profapi.dll
0x00007fffe3840000 - 0x00007fffe388a000 	C:\WINDOWS\System32\powrprof.dll
0x00007fffe3830000 - 0x00007fffe3840000 	C:\WINDOWS\System32\UMPDC.dll
0x00007fffe60c0000 - 0x00007fffe6112000 	C:\WINDOWS\System32\shlwapi.dll
0x00007fffe4090000 - 0x00007fffe40a7000 	C:\WINDOWS\System32\cryptsp.dll
0x00007fffaea90000 - 0x00007fffaeaa9000 	C:\Program Files\Java\jdk-15\bin\net.dll
0x00007fffd66d0000 - 0x00007fffd67c0000 	C:\WINDOWS\SYSTEM32\WINHTTP.dll
0x00007fffe3090000 - 0x00007fffe30f7000 	C:\WINDOWS\system32\mswsock.dll
0x00007fffac320000 - 0x00007fffac332000 	C:\Program Files\Java\jdk-15\bin\nio.dll
0x00007fffac1b0000 - 0x00007fffac1c8000 	C:\Program Files\Java\jdk-15\bin\zip.dll
0x00007fffe2c00000 - 0x00007fffe2c33000 	C:\WINDOWS\system32\rsaenh.dll
0x00007fffe3c80000 - 0x00007fffe3ca6000 	C:\WINDOWS\System32\bcrypt.dll
0x00007fffe3750000 - 0x00007fffe3775000 	C:\WINDOWS\SYSTEM32\USERENV.dll
0x00007fffe3260000 - 0x00007fffe326c000 	C:\WINDOWS\SYSTEM32\CRYPTBASE.dll
0x00007fffe2da0000 - 0x00007fffe2dda000 	C:\WINDOWS\SYSTEM32\IPHLPAPI.DLL
0x00007fffe5f90000 - 0x00007fffe5f98000 	C:\WINDOWS\System32\NSI.dll
0x00007fffd7d60000 - 0x00007fffd7d76000 	C:\WINDOWS\SYSTEM32\dhcpcsvc6.DLL
0x00007fffd7e30000 - 0x00007fffd7e4c000 	C:\WINDOWS\SYSTEM32\dhcpcsvc.DLL
0x00007fffe2df0000 - 0x00007fffe2ebb000 	C:\WINDOWS\SYSTEM32\DNSAPI.dll
0x00007fffde8a0000 - 0x00007fffde8ca000 	C:\Users\THE NGAN\AppData\Roaming\Code\User\globalStorage\redhat.java\0.67.0\config_win\org.eclipse.equinox.launcher\org.eclipse.equinox.launcher.win32.win32.x86_64_1.1.1300.v20200819-0940\eclipse_11100.dll
0x00007fffd5ed0000 - 0x00007fffd5ee0000 	C:\Program Files\Java\jdk-15\bin\verify.dll
0x00007fffd1b80000 - 0x00007fffd1b91000 	C:\Users\THE NGAN\AppData\Roaming\Code\User\globalStorage\redhat.java\0.67.0\config_win\org.eclipse.osgi\21\0\.cp\jWinHttp-1.0.0.dll
0x00007fffe59e0000 - 0x00007fffe5b37000 	C:\WINDOWS\System32\ole32.dll

dbghelp: loaded successfully - version: 4.0.5 - missing functions: none
symbol engine: initialized successfully - sym options: 0x614 - pdb path: .;C:\Program Files\Java\jdk-15\bin;C:\WINDOWS\SYSTEM32;C:\WINDOWS\WinSxS\amd64_microsoft.windows.common-controls_6595b64144ccf1df_6.0.18362.1016_none_9e7a36bbe461dae4;C:\Program Files\Java\jdk-15\bin\server;C:\Users\THE NGAN\AppData\Roaming\Code\User\globalStorage\redhat.java\0.67.0\config_win\org.eclipse.equinox.launcher\org.eclipse.equinox.launcher.win32.win32.x86_64_1.1.1300.v20200819-0940;C:\Users\THE NGAN\AppData\Roaming\Code\User\globalStorage\redhat.java\0.67.0\config_win\org.eclipse.osgi\21\0\.cp

VM Arguments:
jvm_args: --add-modules=ALL-SYSTEM --add-opens=java.base/java.util=ALL-UNNAMED --add-opens=java.base/java.lang=ALL-UNNAMED -Declipse.application=org.eclipse.jdt.ls.core.id1 -Dosgi.bundles.defaultStartLevel=4 -Declipse.product=org.eclipse.jdt.ls.core.product -Dfile.encoding=utf8 -DwatchParentProcess=false -XX:+UseParallelGC -XX:GCTimeRatio=4 -XX:AdaptiveSizePolicyWeight=90 -Dsun.zip.disableMemoryMapping=true -Xmx1G -Xms100m 
java_command: c:\Users\THE NGAN\.vscode\extensions\redhat.java-0.67.0\server\plugins\org.eclipse.equinox.launcher_1.5.800.v20200727-1323.jar -configuration c:\Users\THE NGAN\AppData\Roaming\Code\User\globalStorage\redhat.java\0.67.0\config_win -data c:\Users\THE NGAN\AppData\Roaming\Code\User\workspaceStorage\120077b6908fb8706644f426bbd3ea3d\redhat.java\jdt_ws
java_class_path (initial): c:\Users\THE NGAN\.vscode\extensions\redhat.java-0.67.0\server\plugins\org.eclipse.equinox.launcher_1.5.800.v20200727-1323.jar
Launcher Type: SUN_STANDARD

[Global flags]
    uintx AdaptiveSizePolicyWeight                 = 90                                        {product} {command line}
     intx CICompilerCount                          = 3                                         {product} {ergonomic}
    uintx GCTimeRatio                              = 4                                         {product} {command line}
   size_t InitialHeapSize                          = 104857600                                 {product} {command line}
   size_t MaxHeapSize                              = 1073741824                                {product} {command line}
   size_t MaxNewSize                               = 357564416                                 {product} {ergonomic}
   size_t MinHeapDeltaBytes                        = 524288                                    {product} {ergonomic}
   size_t MinHeapSize                              = 104857600                                 {product} {command line}
   size_t NewSize                                  = 34603008                                  {product} {ergonomic}
    uintx NonNMethodCodeHeapSize                   = 5832780                                {pd product} {ergonomic}
    uintx NonProfiledCodeHeapSize                  = 122912730                              {pd product} {ergonomic}
   size_t OldSize                                  = 70254592                                  {product} {ergonomic}
    uintx ProfiledCodeHeapSize                     = 122912730                              {pd product} {ergonomic}
    uintx ReservedCodeCacheSize                    = 251658240                              {pd product} {ergonomic}
     bool SegmentedCodeCache                       = true                                      {product} {ergonomic}
   size_t SoftMaxHeapSize                          = 1073741824                             {manageable} {ergonomic}
     bool UseCompressedClassPointers               = true                                 {lp64_product} {ergonomic}
     bool UseCompressedOops                        = true                                 {lp64_product} {ergonomic}
     bool UseLargePagesIndividualAllocation        = false                                  {pd product} {ergonomic}
     bool UseParallelGC                            = true                                      {product} {command line}

Logging:
Log output configuration:
 #0: stdout all=warning uptime,level,tags
 #1: stderr all=off uptime,level,tags

Environment Variables:
JAVA_HOME=C:\Program Files\Java\jdk1.8.0_211
CLASSPATH=.;
PATH=C:\Program Files\Common Files\Oracle\Java\javapath;C:\Python27\;C:\Python27\Scripts;C:\Windows\system32;C:\Windows;C:\Windows\System32\Wbem;C:\Windows\System32\WindowsPowerShell\v1.0\;C:\Program Files (x86)\NVIDIA Corporation\PhysX\Common;C:\WINDOWS\system32;C:\WINDOWS;C:\WINDOWS\System32\Wbem;C:\WINDOWS\System32\WindowsPowerShell\v1.0\;C:\WINDOWS\System32\OpenSSH\;C:\Program Files\nodejs\;C:\Program Files\NVIDIA Corporation\NVIDIA NvDLISR;C:\ProgramData\chocolatey\bin;C:\Program Files\Java\jdk1.8.0_211\bin;C:\Program Files\Microsoft SQL Server\120\DTS\Binn\;C:\Program Files\Microsoft SQL Server\Client SDK\ODBC\110\Tools\Binn\;C:\Program Files (x86)\Microsoft SQL Server\120\Tools\Binn\;C:\Program Files\Microsoft SQL Server\120\Tools\Binn\;C:\Program Files (x86)\Microsoft SQL Server\120\Tools\Binn\ManagementStudio\;C:\Program Files (x86)\Microsoft SQL Server\120\DTS\Binn\;C:\Program Files\Java\jdk1.8.0_211\bin;C:\Program Files\Git\cmd;C:\Users\THE NGAN\AppData\Local\Microsoft\WindowsApps;C:\Users\THE NGAN\AppData\Local\Programs\Microsoft VS Code\bin;C:\Users\THE NGAN\AppData\Roaming\npm;C:\Users\THE NGAN\AppData\Local\Android\Sdk\platform-tools;
USERNAME=THE NGAN
OS=Windows_NT
PROCESSOR_IDENTIFIER=Intel64 Family 6 Model 142 Stepping 9, GenuineIntel



---------------  S Y S T E M  ---------------

OS:
 Windows 10 , 64 bit Build 18362 (10.0.18362.959)
OS uptime: 2 days 18:40 hours

CPU: total 4 (initial active 4) (2 cores per cpu, 2 threads per core) family 6 model 142 stepping 9, cmov, cx8, fxsr, mmx, sse, sse2, sse3, ssse3, sse4.1, sse4.2, popcnt, vzeroupper, avx, avx2, aes, clmul, erms, 3dnowpref, lzcnt, ht, tsc, tscinvbit, bmi1, bmi2, adx, fma, clflush, clflushopt

Memory: 4k page, system-wide physical 3964M (356M free)
TotalPageFile size 6012M (AvailPageFile size 4M)
current process WorkingSet (physical memory assigned to process): 178M, peak: 178M
current process commit charge ("private bytes"): 274M, peak: 274M

vm_info: Java HotSpot(TM) 64-Bit Server VM (15+36-1562) for windows-amd64 JRE (15+36-1562), built on Aug 11 2020 22:38:02 by "mach5one" with unknown MS VC++:1925

END.
