#
# There is insufficient memory for the Java Runtime Environment to continue.
# Native memory allocation (mmap) failed to map 65011712 bytes for G1 virtual space
# Possible reasons:
#   The system is out of physical RAM or swap space
#   The process is running with CompressedOops enabled, and the Java Heap may be blocking the growth of the native heap
# Possible solutions:
#   Reduce memory load on the system
#   Increase physical memory or swap space
#   Check if swap backing store is full
#   Decrease Java heap size (-Xmx/-Xms)
#   Decrease number of Java threads
#   Decrease Java thread stack sizes (-Xss)
#   Set larger code cache with -XX:ReservedCodeCacheSize=
#   JVM is running with Unscaled Compressed Oops mode in which the Java heap is
#     placed in the first 4GB address space. The Java Heap base address is the
#     maximum limit for the native heap growth. Please use -XX:HeapBaseMinAddress
#     to set the Java Heap base and to place the Java Heap above 4GB virtual address.
# This output file may be truncated or incomplete.
#
#  Out of Memory Error (./open/src/hotspot/os/windows/os_windows.cpp:3472), pid=5020, tid=8520
#
# JRE version:  (15.0+36) (build )
# Java VM: Java HotSpot(TM) 64-Bit Server VM (15+36-1562, mixed mode, sharing, tiered, compressed oops, g1 gc, windows-amd64)
# No core dump will be written. Minidumps are not enabled by default on client versions of Windows
#

---------------  S U M M A R Y ------------

Command Line: -Dfile.encoding=UTF-8 com.JavaRestful.JavaRestfulApplication

Host: Intel(R) Core(TM) i5-7200U CPU @ 2.50GHz, 4 cores, 3G,  Windows 10 , 64 bit Build 18362 (10.0.18362.959)
Time: Wed Sep 23 15:27:27 2020 SE Asia Standard Time elapsed time: 0.103553 seconds (0d 0h 0m 0s)

---------------  T H R E A D  ---------------

Current thread (0x00000279c7974950):  JavaThread "Unknown thread" [_thread_in_vm, id=8520, stack(0x0000009df2400000,0x0000009df2500000)]

Stack: [0x0000009df2400000,0x0000009df2500000]
Native frames: (J=compiled Java code, j=interpreted, Vv=VM code, C=native code)
V  [jvm.dll+0x629eaa]
V  [jvm.dll+0x780379]
V  [jvm.dll+0x781ad3]
V  [jvm.dll+0x782133]
V  [jvm.dll+0x2159d5]
V  [jvm.dll+0x627299]
V  [jvm.dll+0x61bdd5]
V  [jvm.dll+0x2cf96d]
V  [jvm.dll+0x2cf7d2]
V  [jvm.dll+0x2d57ac]
V  [jvm.dll+0x32523a]
V  [jvm.dll+0x324904]
V  [jvm.dll+0x2a68ea]
V  [jvm.dll+0x2a7a88]
V  [jvm.dll+0x75d0f1]
V  [jvm.dll+0x333af4]
V  [jvm.dll+0x73d816]
V  [jvm.dll+0x3b68e7]
V  [jvm.dll+0x3b8371]
C  [jli.dll+0x52fb]
C  [ucrtbase.dll+0x20e82]
C  [KERNEL32.DLL+0x17bd4]
C  [ntdll.dll+0x6ce51]


---------------  P R O C E S S  ---------------

Threads class SMR info:
_java_thread_list=0x00007ffa39482fa0, length=0, elements={
}

Java Threads: ( => current thread )

Other Threads:
  0x00000279c79a3530 GCTaskThread "GC Thread#0" [stack: 0x0000009df2500000,0x0000009df2600000] [id=7396]
  0x00000279c79ac400 ConcurrentGCThread "G1 Main Marker" [stack: 0x0000009df2600000,0x0000009df2700000] [id=10304]
  0x00000279c79ad070 ConcurrentGCThread "G1 Conc#0" [stack: 0x0000009df2700000,0x0000009df2800000] [id=4984]

[error occurred during error reporting (printing all threads), id 0xc0000005, EXCEPTION_ACCESS_VIOLATION (0xc0000005) at pc=0x00007ffa38c777b7]

VM state: not at safepoint (not fully initialized)

VM Mutex/Monitor currently owned by a thread:  ([mutex/lock_event])
[0x00000279c7970b70] Heap_lock - owner thread: 0x00000279c7974950

Heap address: 0x00000000c2000000, size: 992 MB, Compressed Oops mode: 32-bit
CDS archive(s) mapped at: [0x0000000000000000-0x0000000000000000-0x0000000000000000), size 0, SharedBaseAddress: 0x0000000800000000, ArchiveRelocationMode: 0.
Narrow klass base: 0x0000000000000000, Narrow klass shift: 0, Narrow klass range: 0x0

Heap:
 garbage-first heap   total 63488K, used 0K [0x00000000c2000000, 0x0000000100000000)
  region size 1024K, 0 young (0K), 0 survivors (0K)
 Metaspace       used 0K, capacity 0K, committed 0K, reserved 0K
  class space    used 0K, capacity 0K, committed 0K, reserved 0K

Heap Regions: E=young(eden), S=young(survivor), O=old, HS=humongous(starts), HC=humongous(continues), CS=collection set, F=free, OA=open archive, CA=closed archive, TAMS=top-at-mark-start (previous, next)

Card table byte_map: [0x00000279e0b90000,0x00000279e0d80000] _byte_map_base: 0x00000279e0580000

Marking Bits (Prev, Next): (CMBitMap*) 0x00000279c79a3da0, (CMBitMap*) 0x00000279c79a3de0
 Prev Bits: [0x00000279e0f70000, 0x00000279e1ef0000)
 Next Bits: [0x00000279e1ef0000, 0x00000279e2e70000)

GC Heap History (0 events):
No events

Deoptimization events (0 events):
No events

Classes unloaded (0 events):
No events

Classes redefined (0 events):
No events

Internal exceptions (0 events):
No events

Events (1 events):
Event: 0.010 Loaded shared library C:\Program Files\Java\jdk-15\bin\java.dll


Dynamic libraries:
0x00007ff6d10e0000 - 0x00007ff6d10ef000 	C:\Program Files\Java\jdk-15\bin\java.exe
0x00007ffa874c0000 - 0x00007ffa876b0000 	C:\WINDOWS\SYSTEM32\ntdll.dll
0x00007ffa869b0000 - 0x00007ffa86a62000 	C:\WINDOWS\System32\KERNEL32.DLL
0x00007ffa84f80000 - 0x00007ffa85224000 	C:\WINDOWS\System32\KERNELBASE.dll
0x00007ffa85330000 - 0x00007ffa8542a000 	C:\WINDOWS\System32\ucrtbase.dll
0x00007ffa73100000 - 0x00007ffa73118000 	C:\Program Files\Java\jdk-15\bin\jli.dll
0x00007ffa85c70000 - 0x00007ffa85d13000 	C:\WINDOWS\System32\ADVAPI32.dll
0x00007ffa76490000 - 0x00007ffa764a9000 	C:\Program Files\Java\jdk-15\bin\VCRUNTIME140.dll
0x00007ffa863d0000 - 0x00007ffa8646e000 	C:\WINDOWS\System32\msvcrt.dll
0x00007ffa87190000 - 0x00007ffa87227000 	C:\WINDOWS\System32\sechost.dll
0x00007ffa86550000 - 0x00007ffa86670000 	C:\WINDOWS\System32\RPCRT4.dll
0x00007ffa855d0000 - 0x00007ffa85765000 	C:\WINDOWS\System32\USER32.dll
0x00007ffa85300000 - 0x00007ffa85321000 	C:\WINDOWS\System32\win32u.dll
0x00007ffa87160000 - 0x00007ffa87186000 	C:\WINDOWS\System32\GDI32.dll
0x00007ffa85430000 - 0x00007ffa855c6000 	C:\WINDOWS\System32\gdi32full.dll
0x00007ffa700a0000 - 0x00007ffa70324000 	C:\WINDOWS\WinSxS\amd64_microsoft.windows.common-controls_6595b64144ccf1df_6.0.18362.1016_none_9e7a36bbe461dae4\COMCTL32.dll
0x00007ffa84750000 - 0x00007ffa847ee000 	C:\WINDOWS\System32\msvcp_win.dll
0x00007ffa86670000 - 0x00007ffa869a5000 	C:\WINDOWS\System32\combase.dll
0x00007ffa845f0000 - 0x00007ffa84670000 	C:\WINDOWS\System32\bcryptPrimitives.dll
0x00007ffa7ea60000 - 0x00007ffa7ea6a000 	C:\WINDOWS\SYSTEM32\VERSION.dll
0x00007ffa87450000 - 0x00007ffa8747e000 	C:\WINDOWS\System32\IMM32.DLL
0x00007ffa762b0000 - 0x00007ffa762bc000 	C:\Program Files\Java\jdk-15\bin\vcruntime140_1.dll
0x00007ffa591f0000 - 0x00007ffa59281000 	C:\Program Files\Java\jdk-15\bin\msvcp140.dll
0x00007ffa389c0000 - 0x00007ffa3951c000 	C:\Program Files\Java\jdk-15\bin\server\jvm.dll
0x00007ffa86540000 - 0x00007ffa86548000 	C:\WINDOWS\System32\PSAPI.DLL
0x00007ffa73ad0000 - 0x00007ffa73ad9000 	C:\WINDOWS\SYSTEM32\WSOCK32.dll
0x00007ffa82450000 - 0x00007ffa82474000 	C:\WINDOWS\SYSTEM32\WINMM.dll
0x00007ffa85d20000 - 0x00007ffa85d8f000 	C:\WINDOWS\System32\WS2_32.dll
0x00007ffa82420000 - 0x00007ffa8244d000 	C:\WINDOWS\SYSTEM32\winmmbase.dll
0x00007ffa84700000 - 0x00007ffa8474a000 	C:\WINDOWS\System32\cfgmgr32.dll
0x00007ffa84450000 - 0x00007ffa84461000 	C:\WINDOWS\System32\kernel.appcore.dll
0x00007ffa73800000 - 0x00007ffa7380a000 	C:\Program Files\Java\jdk-15\bin\jimage.dll
0x00007ffa7cc20000 - 0x00007ffa7ce14000 	C:\WINDOWS\SYSTEM32\DBGHELP.DLL
0x00007ffa7cbf0000 - 0x00007ffa7cc1a000 	C:\WINDOWS\SYSTEM32\dbgcore.DLL
0x00007ffa730d0000 - 0x00007ffa730f5000 	C:\Program Files\Java\jdk-15\bin\java.dll

dbghelp: loaded successfully - version: 4.0.5 - missing functions: none
symbol engine: initialized successfully - sym options: 0x614 - pdb path: .;C:\Program Files\Java\jdk-15\bin;C:\WINDOWS\SYSTEM32;C:\WINDOWS\WinSxS\amd64_microsoft.windows.common-controls_6595b64144ccf1df_6.0.18362.1016_none_9e7a36bbe461dae4;C:\Program Files\Java\jdk-15\bin\server

VM Arguments:
jvm_args: -Dfile.encoding=UTF-8 
java_command: com.JavaRestful.JavaRestfulApplication
java_class_path (initial): C:\Users\THENGA~1\AppData\Local\Temp\cp_7530udnyqrq8n2u8l06bgiz4s.jar
Launcher Type: SUN_STANDARD

[Global flags]
     intx CICompilerCount                          = 3                                         {product} {ergonomic}
     uint ConcGCThreads                            = 1                                         {product} {ergonomic}
     uint G1ConcRefinementThreads                  = 4                                         {product} {ergonomic}
   size_t G1HeapRegionSize                         = 1048576                                   {product} {ergonomic}
    uintx GCDrainStackTargetSize                   = 64                                        {product} {ergonomic}
   size_t InitialHeapSize                          = 65011712                                  {product} {ergonomic}
   size_t MarkStackSize                            = 4194304                                   {product} {ergonomic}
   size_t MaxHeapSize                              = 1040187392                                {product} {ergonomic}
   size_t MinHeapDeltaBytes                        = 1048576                                   {product} {ergonomic}
   size_t MinHeapSize                              = 8388608                                   {product} {ergonomic}
    uintx NonNMethodCodeHeapSize                   = 5832780                                {pd product} {ergonomic}
    uintx NonProfiledCodeHeapSize                  = 122912730                              {pd product} {ergonomic}
    uintx ProfiledCodeHeapSize                     = 122912730                              {pd product} {ergonomic}
    uintx ReservedCodeCacheSize                    = 251658240                              {pd product} {ergonomic}
     bool SegmentedCodeCache                       = true                                      {product} {ergonomic}
   size_t SoftMaxHeapSize                          = 1040187392                             {manageable} {ergonomic}
     bool UseCompressedClassPointers               = true                                 {lp64_product} {ergonomic}
     bool UseCompressedOops                        = true                                 {lp64_product} {ergonomic}
     bool UseG1GC                                  = true                                      {product} {ergonomic}
     bool UseLargePagesIndividualAllocation        = false                                  {pd product} {ergonomic}

Logging:
Log output configuration:
 #0: stdout all=warning uptime,level,tags
 #1: stderr all=off uptime,level,tags

Environment Variables:
JAVA_HOME=C:\Program Files\Java\jdk1.8.0_211
CLASSPATH=.;
PATH=C:\Program Files\Common Files\Oracle\Java\javapath;C:\Python27\;C:\Python27\Scripts;C:\Windows\system32;C:\Windows;C:\Windows\System32\Wbem;C:\Windows\System32\WindowsPowerShell\v1.0\;C:\Program Files (x86)\NVIDIA Corporation\PhysX\Common;C:\WINDOWS\system32;C:\WINDOWS;C:\WINDOWS\System32\Wbem;C:\WINDOWS\System32\WindowsPowerShell\v1.0\;C:\WINDOWS\System32\OpenSSH\;C:\Program Files\nodejs\;C:\Program Files\NVIDIA Corporation\NVIDIA NvDLISR;C:\ProgramData\chocolatey\bin;C:\Program Files\Java\jdk1.8.0_211\bin;C:\Program Files\Microsoft SQL Server\120\DTS\Binn\;C:\Program Files\Microsoft SQL Server\Client SDK\ODBC\110\Tools\Binn\;C:\Program Files (x86)\Microsoft SQL Server\120\Tools\Binn\;C:\Program Files\Microsoft SQL Server\120\Tools\Binn\;C:\Program Files (x86)\Microsoft SQL Server\120\Tools\Binn\ManagementStudio\;C:\Program Files (x86)\Microsoft SQL Server\120\DTS\Binn\;C:\Program Files\Java\jdk1.8.0_211\bin;C:\Program Files\Git\cmd;C:\Users\THE NGAN\AppData\Local\Microsoft\WindowsApps;C:\Users\THE NGAN\AppData\Local\Programs\Microsoft VS Code\bin;C:\Users\THE NGAN\AppData\Roaming\npm;C:\Users\THE NGAN\AppData\Local\Android\Sdk\platform-tools;
USERNAME=THE NGAN
LANG=en_US.UTF-8
OS=Windows_NT
PROCESSOR_IDENTIFIER=Intel64 Family 6 Model 142 Stepping 9, GenuineIntel



---------------  S Y S T E M  ---------------

OS:
 Windows 10 , 64 bit Build 18362 (10.0.18362.959)
OS uptime: 0 days 15:46 hours

CPU: total 4 (initial active 4) (2 cores per cpu, 2 threads per core) family 6 model 142 stepping 9, cmov, cx8, fxsr, mmx, sse, sse2, sse3, ssse3, sse4.1, sse4.2, popcnt, vzeroupper, avx, avx2, aes, clmul, erms, 3dnowpref, lzcnt, ht, tsc, tscinvbit, bmi1, bmi2, adx, fma, clflush, clflushopt

Memory: 4k page, system-wide physical 3964M (467M free)
TotalPageFile size 6012M (AvailPageFile size 33M)
current process WorkingSet (physical memory assigned to process): 9M, peak: 9M
current process commit charge ("private bytes"): 51M, peak: 113M

vm_info: Java HotSpot(TM) 64-Bit Server VM (15+36-1562) for windows-amd64 JRE (15+36-1562), built on Aug 11 2020 22:38:02 by "mach5one" with unknown MS VC++:1925

END.
