#
# There is insufficient memory for the Java Runtime Environment to continue.
# Native memory allocation (mmap) failed to map 65011712 bytes for G1 virtual space
# Possible reasons:
#   The system is out of physical RAM or swap space
#   The process is running with CompressedOops enabled, and the Java Heap may be blocking the growth of the native heap
# Possible solutions:
#   Reduce memory load on the system
#   Increase physical memory or swap space
#   Check if swap backing store is full
#   Decrease Java heap size (-Xmx/-Xms)
#   Decrease number of Java threads
#   Decrease Java thread stack sizes (-Xss)
#   Set larger code cache with -XX:ReservedCodeCacheSize=
#   JVM is running with Unscaled Compressed Oops mode in which the Java heap is
#     placed in the first 4GB address space. The Java Heap base address is the
#     maximum limit for the native heap growth. Please use -XX:HeapBaseMinAddress
#     to set the Java Heap base and to place the Java Heap above 4GB virtual address.
# This output file may be truncated or incomplete.
#
#  Out of Memory Error (./open/src/hotspot/os/windows/os_windows.cpp:3472), pid=2252, tid=12052
#
# JRE version:  (15.0+36) (build )
# Java VM: Java HotSpot(TM) 64-Bit Server VM (15+36-1562, mixed mode, sharing, tiered, compressed oops, g1 gc, windows-amd64)
# No core dump will be written. Minidumps are not enabled by default on client versions of Windows
#

---------------  S U M M A R Y ------------

Command Line: -XX:+ShowCodeDetailsInExceptionMessages -Dfile.encoding=UTF-8 com.JavaRestful.JavaRestfulApplication

Host: Intel(R) Core(TM) i5-7200U CPU @ 2.50GHz, 4 cores, 3G,  Windows 10 , 64 bit Build 18362 (10.0.18362.959)
Time: Sat Sep 26 14:53:23 2020 SE Asia Standard Time elapsed time: 0.076674 seconds (0d 0h 0m 0s)

---------------  T H R E A D  ---------------

Current thread (0x000002291b16d1a0):  JavaThread "Unknown thread" [_thread_in_vm, id=12052, stack(0x000000d028600000,0x000000d028700000)]

Stack: [0x000000d028600000,0x000000d028700000]
Native frames: (J=compiled Java code, j=interpreted, Vv=VM code, C=native code)
V  [jvm.dll+0x629eaa]
V  [jvm.dll+0x780379]
V  [jvm.dll+0x781ad3]
V  [jvm.dll+0x782133]
V  [jvm.dll+0x2159d5]
V  [jvm.dll+0x627299]
V  [jvm.dll+0x61bdd5]
V  [jvm.dll+0x2cf96d]
V  [jvm.dll+0x2cf7d2]
V  [jvm.dll+0x2d57ac]
V  [jvm.dll+0x32523a]
V  [jvm.dll+0x324904]
V  [jvm.dll+0x2a68ea]
V  [jvm.dll+0x2a7a88]
V  [jvm.dll+0x75d0f1]
V  [jvm.dll+0x333af4]
V  [jvm.dll+0x73d816]
V  [jvm.dll+0x3b68e7]
V  [jvm.dll+0x3b8371]
C  [jli.dll+0x52fb]
C  [ucrtbase.dll+0x20e82]
C  [KERNEL32.DLL+0x17bd4]
C  [ntdll.dll+0x6ce51]


---------------  P R O C E S S  ---------------

Threads class SMR info:
_java_thread_list=0x00007fffa4032fa0, length=0, elements={
}

Java Threads: ( => current thread )

Other Threads:
  0x000002291b1a2c50 GCTaskThread "GC Thread#0" [stack: 0x000000d028700000,0x000000d028800000] [id=10492]
  0x000002291b1ab9a0 ConcurrentGCThread "G1 Main Marker" [stack: 0x000000d028800000,0x000000d028900000] [id=1312]
  0x000002291b1ac590 ConcurrentGCThread "G1 Conc#0" [stack: 0x000000d028900000,0x000000d028a00000] [id=10472]

[error occurred during error reporting (printing all threads), id 0xc0000005, EXCEPTION_ACCESS_VIOLATION (0xc0000005) at pc=0x00007fffa38277b7]

VM state: not at safepoint (not fully initialized)

VM Mutex/Monitor currently owned by a thread:  ([mutex/lock_event])
[0x000002291b168560] Heap_lock - owner thread: 0x000002291b16d1a0

Heap address: 0x00000000c2000000, size: 992 MB, Compressed Oops mode: 32-bit
CDS archive(s) mapped at: [0x0000000000000000-0x0000000000000000-0x0000000000000000), size 0, SharedBaseAddress: 0x0000000800000000, ArchiveRelocationMode: 0.
Narrow klass base: 0x0000000000000000, Narrow klass shift: 0, Narrow klass range: 0x0

Heap:
 garbage-first heap   total 63488K, used 0K [0x00000000c2000000, 0x0000000100000000)
  region size 1024K, 0 young (0K), 0 survivors (0K)
 Metaspace       used 0K, capacity 0K, committed 0K, reserved 0K
  class space    used 0K, capacity 0K, committed 0K, reserved 0K

Heap Regions: E=young(eden), S=young(survivor), O=old, HS=humongous(starts), HC=humongous(continues), CS=collection set, F=free, OA=open archive, CA=closed archive, TAMS=top-at-mark-start (previous, next)

Card table byte_map: [0x0000022932570000,0x0000022932760000] _byte_map_base: 0x0000022931f60000

Marking Bits (Prev, Next): (CMBitMap*) 0x000002291b1a3440, (CMBitMap*) 0x000002291b1a3480
 Prev Bits: [0x0000022932950000, 0x00000229338d0000)
 Next Bits: [0x00000229338d0000, 0x0000022934850000)

GC Heap History (0 events):
No events

Deoptimization events (0 events):
No events

Classes unloaded (0 events):
No events

Classes redefined (0 events):
No events

Internal exceptions (0 events):
No events

Events (1 events):
Event: 0.020 Loaded shared library C:\Program Files\Java\jdk-15\bin\java.dll


Dynamic libraries:
0x00007ff62dee0000 - 0x00007ff62deef000 	C:\Program Files\Java\jdk-15\bin\java.exe
0x00007fffe68a0000 - 0x00007fffe6a90000 	C:\WINDOWS\SYSTEM32\ntdll.dll
0x00007fffe58d0000 - 0x00007fffe5982000 	C:\WINDOWS\System32\KERNEL32.DLL
0x00007fffe39d0000 - 0x00007fffe3c74000 	C:\WINDOWS\System32\KERNELBASE.dll
0x00007fffe3cb0000 - 0x00007fffe3daa000 	C:\WINDOWS\System32\ucrtbase.dll
0x00007fffd1180000 - 0x00007fffd1198000 	C:\Program Files\Java\jdk-15\bin\jli.dll
0x00007fffd0650000 - 0x00007fffd0669000 	C:\Program Files\Java\jdk-15\bin\VCRUNTIME140.dll
0x00007fffe4c10000 - 0x00007fffe4cb3000 	C:\WINDOWS\System32\ADVAPI32.dll
0x00007fffe5cf0000 - 0x00007fffe5d8e000 	C:\WINDOWS\System32\msvcrt.dll
0x00007fffe4b00000 - 0x00007fffe4b97000 	C:\WINDOWS\System32\sechost.dll
0x00007fffe5fa0000 - 0x00007fffe60c0000 	C:\WINDOWS\System32\RPCRT4.dll
0x00007fffe66c0000 - 0x00007fffe6855000 	C:\WINDOWS\System32\USER32.dll
0x00007fffe4060000 - 0x00007fffe4081000 	C:\WINDOWS\System32\win32u.dll
0x00007fffe5760000 - 0x00007fffe5786000 	C:\WINDOWS\System32\GDI32.dll
0x00007fffe3db0000 - 0x00007fffe3f46000 	C:\WINDOWS\System32\gdi32full.dll
0x00007fffcbaf0000 - 0x00007fffcbd74000 	C:\WINDOWS\WinSxS\amd64_microsoft.windows.common-controls_6595b64144ccf1df_6.0.18362.1016_none_9e7a36bbe461dae4\COMCTL32.dll
0x00007fffe4990000 - 0x00007fffe4a2e000 	C:\WINDOWS\System32\msvcp_win.dll
0x00007fffe53b0000 - 0x00007fffe56e5000 	C:\WINDOWS\System32\combase.dll
0x00007fffd7ef0000 - 0x00007fffd7efa000 	C:\WINDOWS\SYSTEM32\VERSION.dll
0x00007fffe3900000 - 0x00007fffe3980000 	C:\WINDOWS\System32\bcryptPrimitives.dll
0x00007fffe5990000 - 0x00007fffe59be000 	C:\WINDOWS\System32\IMM32.DLL
0x00007fffda080000 - 0x00007fffda08c000 	C:\Program Files\Java\jdk-15\bin\vcruntime140_1.dll
0x00007fffbe560000 - 0x00007fffbe5f1000 	C:\Program Files\Java\jdk-15\bin\msvcp140.dll
0x00007fffa3570000 - 0x00007fffa40cc000 	C:\Program Files\Java\jdk-15\bin\server\jvm.dll
0x00007fffe56f0000 - 0x00007fffe56f8000 	C:\WINDOWS\System32\PSAPI.DLL
0x00007fffe0280000 - 0x00007fffe02a4000 	C:\WINDOWS\SYSTEM32\WINMM.dll
0x00007fffd6e40000 - 0x00007fffd6e49000 	C:\WINDOWS\SYSTEM32\WSOCK32.dll
0x00007fffe61d0000 - 0x00007fffe623f000 	C:\WINDOWS\System32\WS2_32.dll
0x00007fffe0250000 - 0x00007fffe027d000 	C:\WINDOWS\SYSTEM32\winmmbase.dll
0x00007fffe3980000 - 0x00007fffe39ca000 	C:\WINDOWS\System32\cfgmgr32.dll
0x00007fffe38c0000 - 0x00007fffe38d1000 	C:\WINDOWS\System32\kernel.appcore.dll
0x00007fffd6440000 - 0x00007fffd644a000 	C:\Program Files\Java\jdk-15\bin\jimage.dll
0x00007fffc9290000 - 0x00007fffc9484000 	C:\WINDOWS\SYSTEM32\DBGHELP.DLL
0x00007fffc9260000 - 0x00007fffc928a000 	C:\WINDOWS\SYSTEM32\dbgcore.DLL
0x00007fffbe9a0000 - 0x00007fffbe9c5000 	C:\Program Files\Java\jdk-15\bin\java.dll

dbghelp: loaded successfully - version: 4.0.5 - missing functions: none
symbol engine: initialized successfully - sym options: 0x614 - pdb path: .;C:\Program Files\Java\jdk-15\bin;C:\WINDOWS\SYSTEM32;C:\WINDOWS\WinSxS\amd64_microsoft.windows.common-controls_6595b64144ccf1df_6.0.18362.1016_none_9e7a36bbe461dae4;C:\Program Files\Java\jdk-15\bin\server

VM Arguments:
jvm_args: -XX:+ShowCodeDetailsInExceptionMessages -Dfile.encoding=UTF-8 
java_command: com.JavaRestful.JavaRestfulApplication
java_class_path (initial): C:\Users\THE NGAN\JavaRestful\JavaRestful\target\classes;C:\Users\THE NGAN\.m2\repository\org\springframework\boot\spring-boot-starter-web\2.3.4.RELEASE\spring-boot-starter-web-2.3.4.RELEASE.jar;C:\Users\THE NGAN\.m2\repository\org\springframework\boot\spring-boot-starter\2.3.4.RELEASE\spring-boot-starter-2.3.4.RELEASE.jar;C:\Users\THE NGAN\.m2\repository\org\springframework\boot\spring-boot-starter-logging\2.3.4.RELEASE\spring-boot-starter-logging-2.3.4.RELEASE.jar;C:\Users\THE NGAN\.m2\repository\ch\qos\logback\logback-classic\1.2.3\logback-classic-1.2.3.jar;C:\Users\THE NGAN\.m2\repository\ch\qos\logback\logback-core\1.2.3\logback-core-1.2.3.jar;C:\Users\THE NGAN\.m2\repository\org\apache\logging\log4j\log4j-to-slf4j\2.13.3\log4j-to-slf4j-2.13.3.jar;C:\Users\THE NGAN\.m2\repository\org\apache\logging\log4j\log4j-api\2.13.3\log4j-api-2.13.3.jar;C:\Users\THE NGAN\.m2\repository\org\slf4j\jul-to-slf4j\1.7.30\jul-to-slf4j-1.7.30.jar;C:\Users\THE NGAN\.m2\repository\jakarta\annotation\jakarta.annotation-api\1.3.5\jakarta.annotation-api-1.3.5.jar;C:\Users\THE NGAN\.m2\repository\org\yaml\snakeyaml\1.26\snakeyaml-1.26.jar;C:\Users\THE NGAN\.m2\repository\org\springframework\boot\spring-boot-starter-json\2.3.4.RELEASE\spring-boot-starter-json-2.3.4.RELEASE.jar;C:\Users\THE NGAN\.m2\repository\com\fasterxml\jackson\core\jackson-databind\2.11.2\jackson-databind-2.11.2.jar;C:\Users\THE NGAN\.m2\repository\com\fasterxml\jackson\datatype\jackson-datatype-jdk8\2.11.2\jackson-datatype-jdk8-2.11.2.jar;C:\Users\THE NGAN\.m2\repository\com\fasterxml\jackson\datatype\jackson-datatype-jsr310\2.11.2\jackson-datatype-jsr310-2.11.2.jar;C:\Users\THE NGAN\.m2\repository\com\fasterxml\jackson\module\jackson-module-parameter-names\2.11.2\jackson-module-parameter-names-2.11.2.jar;C:\Users\THE NGAN\.m2\repository\org\springframework\boot\spring-boot-starter-tomcat\2.3.4.RELEASE\spring-boot-starter-tomcat-2.3.4.RELEASE.jar;C:\Users\THE NGAN\.m2\repository\org\apac
Launcher Type: SUN_STANDARD

[Global flags]
     intx CICompilerCount                          = 3                                         {product} {ergonomic}
     uint ConcGCThreads                            = 1                                         {product} {ergonomic}
     uint G1ConcRefinementThreads                  = 4                                         {product} {ergonomic}
   size_t G1HeapRegionSize                         = 1048576                                   {product} {ergonomic}
    uintx GCDrainStackTargetSize                   = 64                                        {product} {ergonomic}
   size_t InitialHeapSize                          = 65011712                                  {product} {ergonomic}
   size_t MarkStackSize                            = 4194304                                   {product} {ergonomic}
   size_t MaxHeapSize                              = 1040187392                                {product} {ergonomic}
   size_t MinHeapDeltaBytes                        = 1048576                                   {product} {ergonomic}
   size_t MinHeapSize                              = 8388608                                   {product} {ergonomic}
    uintx NonNMethodCodeHeapSize                   = 5832780                                {pd product} {ergonomic}
    uintx NonProfiledCodeHeapSize                  = 122912730                              {pd product} {ergonomic}
    uintx ProfiledCodeHeapSize                     = 122912730                              {pd product} {ergonomic}
    uintx ReservedCodeCacheSize                    = 251658240                              {pd product} {ergonomic}
     bool SegmentedCodeCache                       = true                                      {product} {ergonomic}
     bool ShowCodeDetailsInExceptionMessages       = true                                   {manageable} {command line}
   size_t SoftMaxHeapSize                          = 1040187392                             {manageable} {ergonomic}
     bool UseCompressedClassPointers               = true                                 {lp64_product} {ergonomic}
     bool UseCompressedOops                        = true                                 {lp64_product} {ergonomic}
     bool UseG1GC                                  = true                                      {product} {ergonomic}
     bool UseLargePagesIndividualAllocation        = false                                  {pd product} {ergonomic}

Logging:
Log output configuration:
 #0: stdout all=warning uptime,level,tags
 #1: stderr all=off uptime,level,tags

Environment Variables:
JAVA_HOME=C:\Program Files\Java\jdk1.8.0_211
CLASSPATH=.;
PATH=C:\Program Files\Common Files\Oracle\Java\javapath;C:\Python27\;C:\Python27\Scripts;C:\Windows\system32;C:\Windows;C:\Windows\System32\Wbem;C:\Windows\System32\WindowsPowerShell\v1.0\;C:\Program Files (x86)\NVIDIA Corporation\PhysX\Common;C:\WINDOWS\system32;C:\WINDOWS;C:\WINDOWS\System32\Wbem;C:\WINDOWS\System32\WindowsPowerShell\v1.0\;C:\WINDOWS\System32\OpenSSH\;C:\Program Files\nodejs\;C:\Program Files\NVIDIA Corporation\NVIDIA NvDLISR;C:\ProgramData\chocolatey\bin;C:\Program Files\Java\jdk1.8.0_211\bin;C:\Program Files\Microsoft SQL Server\120\DTS\Binn\;C:\Program Files\Microsoft SQL Server\Client SDK\ODBC\110\Tools\Binn\;C:\Program Files (x86)\Microsoft SQL Server\120\Tools\Binn\;C:\Program Files\Microsoft SQL Server\120\Tools\Binn\;C:\Program Files (x86)\Microsoft SQL Server\120\Tools\Binn\ManagementStudio\;C:\Program Files (x86)\Microsoft SQL Server\120\DTS\Binn\;C:\Program Files\Java\jdk1.8.0_211\bin;C:\Program Files\Git\cmd;C:\Users\THE NGAN\AppData\Local\Microsoft\WindowsApps;C:\Users\THE NGAN\AppData\Local\Programs\Microsoft VS Code\bin;C:\Users\THE NGAN\AppData\Roaming\npm;C:\Users\THE NGAN\AppData\Local\Android\Sdk\platform-tools;
USERNAME=THE NGAN
LANG=en_US.UTF-8
OS=Windows_NT
PROCESSOR_IDENTIFIER=Intel64 Family 6 Model 142 Stepping 9, GenuineIntel



---------------  S Y S T E M  ---------------

OS:
 Windows 10 , 64 bit Build 18362 (10.0.18362.959)
OS uptime: 2 days 23:08 hours

CPU: total 4 (initial active 4) (2 cores per cpu, 2 threads per core) family 6 model 142 stepping 9, cmov, cx8, fxsr, mmx, sse, sse2, sse3, ssse3, sse4.1, sse4.2, popcnt, vzeroupper, avx, avx2, aes, clmul, erms, 3dnowpref, lzcnt, ht, tsc, tscinvbit, bmi1, bmi2, adx, fma, clflush, clflushopt

Memory: 4k page, system-wide physical 3964M (411M free)
TotalPageFile size 6012M (AvailPageFile size 12M)
current process WorkingSet (physical memory assigned to process): 10M, peak: 10M
current process commit charge ("private bytes"): 51M, peak: 113M

vm_info: Java HotSpot(TM) 64-Bit Server VM (15+36-1562) for windows-amd64 JRE (15+36-1562), built on Aug 11 2020 22:38:02 by "mach5one" with unknown MS VC++:1925

END.
